Arguments: 
  /usr/bin/node /usr/share/yarn/bin/yarn.js global bin

PATH: 
  /home/mgordillo/.sdkman/candidates/springboot/current/bin:/home/mgordillo/.sdkman/candidates/java/current/bin:/home/mgordillo/.sdkman/candidates/groovy/current/bin:/home/mgordillo/.sdkman/candidates/gradle/current/bin:/home/mgordillo/IdeaProjects/JSProjects/vuepress-app/node_modules/.bin:/home/mgordillo/.local/bin:/home/mgordillo/bin:/usr/local/sbin:/usr/local/bin:/usr/sbin:/usr/bin:/sbin:/bin:/usr/games:/usr/local/games:/snap/bin

Yarn version: 
  1.21.1

Node version: 
  12.14.0

Platform: 
  linux x64

Trace: 
  SyntaxError: /home/mgordillo/IdeaProjects/JSProjects/vuepress-app/package.json: Unexpected end of JSON input
      at JSON.parse (<anonymous>)
      at /usr/share/yarn/lib/cli.js:1625:59
      at Generator.next (<anonymous>)
      at step (/usr/share/yarn/lib/cli.js:310:30)
      at /usr/share/yarn/lib/cli.js:321:13

npm manifest: 
  

yarn manifest: 
  No manifest

Lockfile: 
  No lockfile
